#-----------------------------------------------------------
# Vivado v2019.2 (64-bit)
# SW Build 2708876 on Wed Nov  6 21:40:23 MST 2019
# IP Build 2700528 on Thu Nov  7 00:09:20 MST 2019
# Start of session at: Mon Jan  4 11:33:43 2021
# Process ID: 13308
# Current directory: C:/Users/daom/Desktop/ema_aes128
# Command line: vivado.exe -gui_launcher_event rodinguilauncherevent9300 C:\Users\daom\Desktop\ema_aes128\ema_aes128.xpr
# Log file: C:/Users/daom/Desktop/ema_aes128/vivado.log
# Journal file: C:/Users/daom/Desktop/ema_aes128\vivado.jou
#-----------------------------------------------------------
start_gui
open_project C:/Users/daom/Desktop/ema_aes128/ema_aes128.xpr
Scanning sources...
Finished scanning sources
INFO: [IP_Flow 19-234] Refreshing IP repositories
INFO: [IP_Flow 19-1704] No user IP repositories specified
INFO: [IP_Flow 19-2313] Loaded Vivado IP repository 'C:/Xilinx/Vivado/2019.2/data/ip'.
open_project: Time (s): cpu = 00:00:10 ; elapsed = 00:00:05 . Memory (MB): peak = 976.707 ; gain = 287.250
update_compile_order -fileset sources_1
file mkdir C:/Users/daom/Desktop/ema_aes128/ema_aes128.srcs/constrs_1
file mkdir C:/Users/daom/Desktop/ema_aes128/ema_aes128.srcs/constrs_1/new
close [ open C:/Users/daom/Desktop/ema_aes128/ema_aes128.srcs/constrs_1/new/ema_aes.xdc w ]
add_files -fileset constrs_1 C:/Users/daom/Desktop/ema_aes128/ema_aes128.srcs/constrs_1/new/ema_aes.xdc
launch_runs impl_1 -jobs 6
[Mon Jan  4 11:38:47 2021] Launched synth_1...
Run output will be captured here: C:/Users/daom/Desktop/ema_aes128/ema_aes128.runs/synth_1/runme.log
[Mon Jan  4 11:38:48 2021] Launched impl_1...
Run output will be captured here: C:/Users/daom/Desktop/ema_aes128/ema_aes128.runs/impl_1/runme.log
set_property top top [current_fileset]
update_compile_order -fileset sources_1
reset_run synth_1
launch_runs impl_1 -jobs 6
[Mon Jan  4 11:41:22 2021] Launched synth_1...
Run output will be captured here: C:/Users/daom/Desktop/ema_aes128/ema_aes128.runs/synth_1/runme.log
[Mon Jan  4 11:41:22 2021] Launched impl_1...
Run output will be captured here: C:/Users/daom/Desktop/ema_aes128/ema_aes128.runs/impl_1/runme.log
launch_simulation
Command: launch_simulation 
boost::filesystem::remove: The process cannot access the file because it is being used by another process: "C:/Users/daom/Desktop/ema_aes128/ema_aes128.sim/sim_1/behav/xsim/simulate.log"
launch_simulation
Command: launch_simulation 
boost::filesystem::remove: The process cannot access the file because it is being used by another process: "C:/Users/daom/Desktop/ema_aes128/ema_aes128.sim/sim_1/behav/xsim/simulate.log"
set_property needs_refresh false [get_runs synth_1]
set_property needs_refresh false [get_runs impl_1]
launch_simulation
Command: launch_simulation 
boost::filesystem::remove: The process cannot access the file because it is being used by another process: "C:/Users/daom/Desktop/ema_aes128/ema_aes128.sim/sim_1/behav/xsim/simulate.log"
exit
INFO: [Common 17-206] Exiting Vivado at Mon Jan  4 11:51:10 2021...
