Vivado Simulator 2019.2
Copyright 1986-1999, 2001-2019 Xilinx, Inc. All Rights Reserved.
Running: C:/Xilinx/Vivado/2019.2/bin/unwrapped/win64.o/xelab.exe -wto e4dd217056204674838b930b8a1c5bc7 --incr --debug typical --relax --mt 2 -L xil_defaultlib -L secureip --snapshot uart_tb_behav xil_defaultlib.uart_tb -log elaborate.log 
Using 2 slave threads.
Starting static elaboration
Completed static elaboration
Starting simulation data flow analysis
Completed simulation data flow analysis
Time Resolution for simulation is 1ps
Compiling package std.standard
Compiling package std.textio
Compiling package ieee.std_logic_1164
Compiling package ieee.std_logic_arith
Compiling package ieee.math_real
Compiling package ieee.std_logic_textio
Compiling package std.env
Compiling package ieee.std_logic_unsigned
Compiling package ieee.numeric_std
Compiling architecture rtl of entity xil_defaultlib.uart [\uart(baud=9600,clock_frequency=...]
Compiling architecture behavioral of entity xil_defaultlib.aes128key [aes128key_default]
Compiling architecture rtl of entity xil_defaultlib.top [top_default]
Compiling architecture behavioral of entity xil_defaultlib.uart_tb
Built simulation snapshot uart_tb_behav
